<?xml version="1.0" encoding="UTF-8"?>
<testng-results skipped="0" failed="0" ignored="0" total="1" passed="1">
  <reporter-output>
  </reporter-output>
  <suite name="Default suite" duration-ms="48960" started-at="2018-06-02T16:16:03Z" finished-at="2018-06-02T16:16:52Z">
    <groups>
    </groups>
    <test name="Default test" duration-ms="48960" started-at="2018-06-02T16:16:03Z" finished-at="2018-06-02T16:16:52Z">
      <class name="com.crm.qa.testcases.LoginPageTest">
        <test-method status="PASS" signature="setUp()[pri:0, instance:com.crm.qa.testcases.LoginPageTest@77ec78b9]" name="setUp" is-config="true" duration-ms="38766" started-at="2018-06-02T16:16:03Z" finished-at="2018-06-02T16:16:41Z">
          <reporter-output>
          </reporter-output>
        </test-method> <!-- setUp -->
        <test-method status="PASS" signature="loginTest()[pri:3, instance:com.crm.qa.testcases.LoginPageTest@77ec78b9]" name="loginTest" duration-ms="8581" started-at="2018-06-02T16:16:41Z" finished-at="2018-06-02T16:16:50Z">
          <reporter-output>
          </reporter-output>
        </test-method> <!-- loginTest -->
        <test-method status="PASS" signature="tearDown(org.testng.ITestResult)[pri:0, instance:com.crm.qa.testcases.LoginPageTest@77ec78b9]" name="tearDown" is-config="true" duration-ms="1574" started-at="2018-06-02T16:16:50Z" finished-at="2018-06-02T16:16:52Z">
          <params>
            <param index="0">
              <value>
                <![CDATA[[TestResult name=loginTest status=SUCCESS method=LoginPageTest.loginTest()[pri:3, instance:com.crm.qa.testcases.LoginPageTest@77ec78b9] output={null}]]]>
              </value>
            </param>
          </params>
          <reporter-output>
          </reporter-output>
        </test-method> <!-- tearDown -->
      </class> <!-- com.crm.qa.testcases.LoginPageTest -->
    </test> <!-- Default test -->
  </suite> <!-- Default suite -->
</testng-results>
